Using pre-set license
Built from '2020.3/staging' branch; Version is '2020.3.24f1 (79c78de19888) revision 7980941'; Using compiler version '192528614'; Build Type 'Release'
OS: 'Windows 11  (10.0.22000) 64bit Education' Language: 'en' Physical Memory: 16129 MB
BatchMode: 1, IsHumanControllingUs: 0, StartBugReporterOnCrash: 0, Is64bit: 1, IsPro: 0

COMMAND LINE ARGUMENTS:
C:\Program Files\Unity\Hub\Editor\2020.3.24f1\Editor\Unity.exe
-adb2
-batchMode
-noUpm
-name
AssetImportWorker0
-projectPath
X:/duckfeed
-logFile
Logs/AssetImportWorker0.log
-srvPort
49953
Successfully changed project path to: X:/duckfeed
X:/duckfeed
Using Asset Import Pipeline V2.
Refreshing native plugins compatible for Editor in 62.39 ms, found 2 plugins.
Preloading 0 native plugins for Editor in 0.00 ms.
Initialize engine version: 2020.3.24f1 (79c78de19888)
[Subsystems] Discovering subsystems at path C:/Program Files/Unity/Hub/Editor/2020.3.24f1/Editor/Data/Resources/UnitySubsystems
[Subsystems] Discovering subsystems at path X:/duckfeed/Assets
GfxDevice: creating device client; threaded=0
Direct3D:
    Version:  Direct3D 11.0 [level 11.1]
    Renderer: NVIDIA GeForce GTX 1650 Ti (ID=0x1f95)
    Vendor:   
    VRAM:     3964 MB
    Driver:   30.0.14.9676
Shader 'IL3DN/Terrain First-Pass': dependency 'BaseMapShader' shader 'ASESampleShaders/SimpleTerrainBase' not found
Initialize mono
Mono path[0] = 'C:/Program Files/Unity/Hub/Editor/2020.3.24f1/Editor/Data/Managed'
Mono path[1] = 'C:/Program Files/Unity/Hub/Editor/2020.3.24f1/Editor/Data/MonoBleedingEdge/lib/mono/unityjit'
Mono config path = 'C:/Program Files/Unity/Hub/Editor/2020.3.24f1/Editor/Data/MonoBleedingEdge/etc'
Using monoOptions --debugger-agent=transport=dt_socket,embedding=1,server=y,suspend=n,address=127.0.0.1:56764
Begin MonoManager ReloadAssembly
Registering precompiled unity dll's ...
Register platform support module: C:/Program Files/Unity/Hub/Editor/2020.3.24f1/Editor/Data/PlaybackEngines/WindowsStandaloneSupport/UnityEditor.WindowsStandalone.Extensions.dll
Registered in 0.001127 seconds.
Native extension for WindowsStandalone target not found
Refreshing native plugins compatible for Editor in 48.38 ms, found 2 plugins.
Preloading 0 native plugins for Editor in 0.00 ms.
Mono: successfully reloaded assembly
- Completed reload, in  0.546 seconds
Domain Reload Profiling:
	ReloadAssembly (547ms)
		BeginReloadAssembly (48ms)
			ExecutionOrderSort (0ms)
			DisableScriptedObjects (0ms)
			BackupInstance (0ms)
			ReleaseScriptingObjects (0ms)
			CreateAndSetChildDomain (1ms)
		EndReloadAssembly (438ms)
			LoadAssemblies (46ms)
			RebuildTransferFunctionScriptingTraits (0ms)
			SetupTypeCache (131ms)
			ReleaseScriptCaches (0ms)
			RebuildScriptCaches (30ms)
			SetupLoadedEditorAssemblies (184ms)
				LogAssemblyErrors (0ms)
				InitializePlatformSupportModulesInManaged (4ms)
				SetLoadedEditorAssemblies (0ms)
				RefreshPlugins (48ms)
				BeforeProcessingInitializeOnLoad (12ms)
				ProcessInitializeOnLoadAttributes (88ms)
				ProcessInitializeOnLoadMethodAttributes (31ms)
				AfterProcessingInitializeOnLoad (0ms)
				EditorAssembliesLoaded (0ms)
			ExecutionOrderSort2 (0ms)
			AwakeInstancesAfterBackupRestoration (0ms)
Platform modules already initialized, skipping
Registering precompiled user dll's ...
Registered in 0.002813 seconds.
Begin MonoManager ReloadAssembly
Native extension for WindowsStandalone target not found
Refreshing native plugins compatible for Editor in 105.13 ms, found 2 plugins.
Preloading 0 native plugins for Editor in 0.00 ms.
Mono: successfully reloaded assembly
- Completed reload, in  1.247 seconds
Domain Reload Profiling:
	ReloadAssembly (1248ms)
		BeginReloadAssembly (130ms)
			ExecutionOrderSort (0ms)
			DisableScriptedObjects (5ms)
			BackupInstance (0ms)
			ReleaseScriptingObjects (0ms)
			CreateAndSetChildDomain (17ms)
		EndReloadAssembly (1065ms)
			LoadAssemblies (81ms)
			RebuildTransferFunctionScriptingTraits (0ms)
			SetupTypeCache (342ms)
			ReleaseScriptCaches (1ms)
			RebuildScriptCaches (56ms)
			SetupLoadedEditorAssemblies (449ms)
				LogAssemblyErrors (0ms)
				InitializePlatformSupportModulesInManaged (6ms)
				SetLoadedEditorAssemblies (0ms)
				RefreshPlugins (105ms)
				BeforeProcessingInitializeOnLoad (111ms)
				ProcessInitializeOnLoadAttributes (212ms)
				ProcessInitializeOnLoadMethodAttributes (9ms)
				AfterProcessingInitializeOnLoad (4ms)
				EditorAssembliesLoaded (0ms)
			ExecutionOrderSort2 (0ms)
			AwakeInstancesAfterBackupRestoration (7ms)
Platform modules already initialized, skipping
========================================================================
Worker process is ready to serve import requests
Shader 'IL3DN/Terrain First-Pass': dependency 'BaseMapShader' shader 'ASESampleShaders/SimpleTerrainBase' not found
Launched and connected shader compiler UnityShaderCompiler.exe after 0.08 seconds
Refreshing native plugins compatible for Editor in 0.94 ms, found 2 plugins.
Preloading 0 native plugins for Editor in 0.00 ms.
Unloading 2849 Unused Serialized files (Serialized files now loaded: 0)
System memory in use before: 150.2 MB.
System memory in use after: 150.4 MB.

Unloading 20 unused Assets to reduce memory usage. Loaded Objects now: 3291.
Total: 4.246300 ms (FindLiveObjects: 0.444800 ms CreateObjectMapping: 0.261000 ms MarkObjects: 3.441300 ms  DeleteObjects: 0.097600 ms)

AssetImportParameters requested are different than current active one (requested -> active):
  custom:framework-win-MediaFoundation: 216162199b28c13a410421893ffa2e32 -> 
  custom:video-decoder-ogg-theora: a1e56fd34408186e4bbccfd4996cb3dc -> 
  custom:container-muxer-webm: aa71ff27fc2769a1b78a27578f13a17b -> 
  custom:container-demuxer-webm: 4f35f7cbe854078d1ac9338744f61a02 -> 
  custom:container-demuxer-ogg: 62fdf1f143b41e24485cea50d1cbac27 -> 
  custom:video-encoder-webm-vp8: eb34c28f22e8b96e1ab97ce403110664 -> 
  custom:video-decoder-webm-vp8: 9c59270c3fd7afecdb556c50c9e8de78 -> 
  custom:audio-decoder-ogg-vorbis: bf7c407c2cedff20999df2af8eb42d56 -> 
  custom:audio-encoder-webm-vorbis: bf7c407c2cedff20999df2af8eb42d56 -> 
========================================================================
Received Import Request.
  path: Assets/Stylized Water For URP/Demos
  artifactKey: Guid(8e19800886586cb47a831cf8649a53c9) Importer(815301076,1909f56bfc062723c751e8b465ee728b)
Start importing Assets/Stylized Water For URP/Demos using Guid(8e19800886586cb47a831cf8649a53c9) Importer(815301076,1909f56bfc062723c751e8b465ee728b)  -> (artifact id: '91ee0556a2dec8c792f720e0f37e4e9f') in 0.014539 seconds 
  Import took 0.020803 seconds .

========================================================================
Received Import Request.
  Time since last request: 0.000295 seconds.
  path: Assets/Stylized Water For URP/Demos/URP Renderer.asset
  artifactKey: Guid(71ee5540c6b45a74e80dbb938fa0dc73) Importer(815301076,1909f56bfc062723c751e8b465ee728b)
Start importing Assets/Stylized Water For URP/Demos/URP Renderer.asset using Guid(71ee5540c6b45a74e80dbb938fa0dc73) Importer(815301076,1909f56bfc062723c751e8b465ee728b)  -> (artifact id: '0b5734e781fc1122ae0d59429dd7731a') in 0.086987 seconds 
  Import took 0.092503 seconds .

========================================================================
Received Import Request.
  Time since last request: 0.000237 seconds.
  path: Assets/Stylized Water For URP/Demos/Buoyancy/Object.mat
  artifactKey: Guid(671c9d24ead9c3947976c7b0564722a1) Importer(815301076,1909f56bfc062723c751e8b465ee728b)
Start importing Assets/Stylized Water For URP/Demos/Buoyancy/Object.mat using Guid(671c9d24ead9c3947976c7b0564722a1) Importer(815301076,1909f56bfc062723c751e8b465ee728b)  -> (artifact id: '039f5e1dd7899c37a419882bd4a4bf28') in 0.531456 seconds 
  Import took 0.536672 seconds .

========================================================================
Received Import Request.
  Time since last request: 0.000265 seconds.
  path: Assets/Stylized Water For URP/Demos/Buoyancy
  artifactKey: Guid(7db9a28aff2eec94ca2f3bfa907a105a) Importer(815301076,1909f56bfc062723c751e8b465ee728b)
Start importing Assets/Stylized Water For URP/Demos/Buoyancy using Guid(7db9a28aff2eec94ca2f3bfa907a105a) Importer(815301076,1909f56bfc062723c751e8b465ee728b)  -> (artifact id: 'fccb398de74cb4b3d32e4e86cc9ae2bc') in 0.007415 seconds 
  Import took 0.012406 seconds .

========================================================================
Received Import Request.
  Time since last request: 0.000295 seconds.
  path: Assets/Stylized Water For URP
  artifactKey: Guid(aac6bdc946a12994e94ad60629a7f988) Importer(815301076,1909f56bfc062723c751e8b465ee728b)
Start importing Assets/Stylized Water For URP using Guid(aac6bdc946a12994e94ad60629a7f988) Importer(815301076,1909f56bfc062723c751e8b465ee728b)  -> (artifact id: '834656ee733d24d0b1bc92de7cac1c9b') in 0.007710 seconds 
  Import took 0.012199 seconds .

========================================================================
Received Import Request.
  Time since last request: 0.000248 seconds.
  path: Assets/Stylized Water For URP/Demos/URP Pipeline.asset
  artifactKey: Guid(d08d737d809248046b7aba7d3bb3b1cc) Importer(815301076,1909f56bfc062723c751e8b465ee728b)
Start importing Assets/Stylized Water For URP/Demos/URP Pipeline.asset using Guid(d08d737d809248046b7aba7d3bb3b1cc) Importer(815301076,1909f56bfc062723c751e8b465ee728b)  -> (artifact id: '374cb835f3c57b19d640c8490b1ba6c5') in 0.010412 seconds 
  Import took 0.014842 seconds .

========================================================================
Received Import Request.
  Time since last request: 0.000219 seconds.
  path: Assets/Stylized Water For URP/Demos/Buoyancy/Buoyancy Demo.unity
  artifactKey: Guid(fb16140bbbb6e634db72f909ec22e599) Importer(815301076,1909f56bfc062723c751e8b465ee728b)
Start importing Assets/Stylized Water For URP/Demos/Buoyancy/Buoyancy Demo.unity using Guid(fb16140bbbb6e634db72f909ec22e599) Importer(815301076,1909f56bfc062723c751e8b465ee728b)  -> (artifact id: '5732036f787987c8f094fd4d91802995') in 0.007545 seconds 
  Import took 0.011926 seconds .

========================================================================
Received Import Request.
  Time since last request: 15.655903 seconds.
  path: Assets/Stylized Water For URP/Demos/Buoyancy/BuoyantObject.cs
  artifactKey: Guid(ab8fa924c97460f4181d1eb435314d14) Importer(815301076,1909f56bfc062723c751e8b465ee728b)
Start importing Assets/Stylized Water For URP/Demos/Buoyancy/BuoyantObject.cs using Guid(ab8fa924c97460f4181d1eb435314d14) Importer(815301076,1909f56bfc062723c751e8b465ee728b)  -> (artifact id: 'd42cac5896882d740c66f3669d602e89') in 0.015016 seconds 
  Import took 0.018851 seconds .

========================================================================
Received Import Request.
  Time since last request: 3.988415 seconds.
  path: Assets/Stylized Water For URP/Demos/Buoyancy/GerstnerWaveDisplacement.cs
  artifactKey: Guid(29a4233d0a257e2409726a2999ef158d) Importer(815301076,1909f56bfc062723c751e8b465ee728b)
Start importing Assets/Stylized Water For URP/Demos/Buoyancy/GerstnerWaveDisplacement.cs using Guid(29a4233d0a257e2409726a2999ef158d) Importer(815301076,1909f56bfc062723c751e8b465ee728b)  -> (artifact id: 'f4d483afb0a51a6e87cef34cbfa901f1') in 0.008310 seconds 
  Import took 0.012232 seconds .

========================================================================
Received Import Request.
  Time since last request: 25.773452 seconds.
  path: Assets/Stylized Water For URP/Demos/Beach/Sand.mat
  artifactKey: Guid(b8131d8718aa9414a89854eff3db1bd3) Importer(815301076,1909f56bfc062723c751e8b465ee728b)
Start importing Assets/Stylized Water For URP/Demos/Beach/Sand.mat using Guid(b8131d8718aa9414a89854eff3db1bd3) Importer(815301076,1909f56bfc062723c751e8b465ee728b)  -> (artifact id: '71d3f0f973c49e197cd6cb6489cd7683') in 0.309704 seconds 
  Import took 0.314302 seconds .

========================================================================
Received Import Request.
  Time since last request: 0.845463 seconds.
  path: Assets/Stylized Water For URP/Demos/Beach/Beach Demo.unity
  artifactKey: Guid(542634816050fd94782eb61249d01c0f) Importer(815301076,1909f56bfc062723c751e8b465ee728b)
Start importing Assets/Stylized Water For URP/Demos/Beach/Beach Demo.unity using Guid(542634816050fd94782eb61249d01c0f) Importer(815301076,1909f56bfc062723c751e8b465ee728b)  -> (artifact id: '30155c521754c3863150e852a02e93f6') in 0.008160 seconds 
  Import took 0.012405 seconds .

========================================================================
Received Import Request.
  Time since last request: 15.989278 seconds.
  path: Assets/Stylized Water For URP/Demos/Windwaker/Windwaker Demo.unity
  artifactKey: Guid(f843a16fd9e15704d8eb8d7bb7f7b724) Importer(815301076,1909f56bfc062723c751e8b465ee728b)
Start importing Assets/Stylized Water For URP/Demos/Windwaker/Windwaker Demo.unity using Guid(f843a16fd9e15704d8eb8d7bb7f7b724) Importer(815301076,1909f56bfc062723c751e8b465ee728b)  -> (artifact id: '12ac80794bfb098c4faf158be7158dbf') in 0.006975 seconds 
  Import took 0.011403 seconds .

========================================================================
Received Import Request.
  Time since last request: 10.730442 seconds.
  path: Assets/Stylized Water For URP/Demos/Water/Black.mat
  artifactKey: Guid(fa72cc8cda47e9f4f8add63b13b5b9ef) Importer(815301076,1909f56bfc062723c751e8b465ee728b)
Start importing Assets/Stylized Water For URP/Demos/Water/Black.mat using Guid(fa72cc8cda47e9f4f8add63b13b5b9ef) Importer(815301076,1909f56bfc062723c751e8b465ee728b)  -> (artifact id: 'f7afe73980388f7925ea0279889f5334') in 0.012398 seconds 
  Import took 0.016608 seconds .

========================================================================
Received Import Request.
  Time since last request: 0.000261 seconds.
  path: Assets/Stylized Water For URP/Demos/Water/Floor.mat
  artifactKey: Guid(f2f7436c3cd39404e9ea1b0b9962707d) Importer(815301076,1909f56bfc062723c751e8b465ee728b)
Start importing Assets/Stylized Water For URP/Demos/Water/Floor.mat using Guid(f2f7436c3cd39404e9ea1b0b9962707d) Importer(815301076,1909f56bfc062723c751e8b465ee728b)  -> (artifact id: 'fd7e0806512a9238eb1b9bfd953fba67') in 0.068902 seconds 
  Import took 0.073772 seconds .

========================================================================
Received Import Request.
  Time since last request: 0.000218 seconds.
  path: Assets/Stylized Water For URP/Demos/Water/Floor.png
  artifactKey: Guid(0be6c0dfd355f474ba09d913e04fa09d) Importer(815301076,1909f56bfc062723c751e8b465ee728b)
Start importing Assets/Stylized Water For URP/Demos/Water/Floor.png using Guid(0be6c0dfd355f474ba09d913e04fa09d) Importer(815301076,1909f56bfc062723c751e8b465ee728b)  -> (artifact id: 'f75939fd86037def5fcaafc2b1e3a162') in 0.043585 seconds 
  Import took 0.049502 seconds .

========================================================================
Received Import Request.
  Time since last request: 1.117225 seconds.
  path: Assets/Stylized Water For URP/Demos/Water/Water Demo.unity
  artifactKey: Guid(f17ac9a45a318314293b56725344445a) Importer(815301076,1909f56bfc062723c751e8b465ee728b)
Start importing Assets/Stylized Water For URP/Demos/Water/Water Demo.unity using Guid(f17ac9a45a318314293b56725344445a) Importer(815301076,1909f56bfc062723c751e8b465ee728b)  -> (artifact id: '61cfee05a9139bb500fd00a79c0e9d0c') in 0.006861 seconds 
  Import took 0.011336 seconds .

========================================================================
Received Import Request.
  Time since last request: 71.387585 seconds.
  path: Assets/Materials/Skybox_Mat.mat
  artifactKey: Guid(0ffaa0b7117ba8c47a9d05ae701d4b4d) Importer(815301076,1909f56bfc062723c751e8b465ee728b)
Start importing Assets/Materials/Skybox_Mat.mat using Guid(0ffaa0b7117ba8c47a9d05ae701d4b4d) Importer(815301076,1909f56bfc062723c751e8b465ee728b)  -> (artifact id: '4d54ab3375f41efad00566dcae11def2') in 0.015028 seconds 
  Import took 0.019792 seconds .

========================================================================
Received Import Request.
  Time since last request: 2.660520 seconds.
  path: Assets/Stylized Water For URP/Materials/Underwater.mat
  artifactKey: Guid(a0f631408cd8dc04c926f4f7d32f27d4) Importer(815301076,1909f56bfc062723c751e8b465ee728b)
Start importing Assets/Stylized Water For URP/Materials/Underwater.mat using Guid(a0f631408cd8dc04c926f4f7d32f27d4) Importer(815301076,1909f56bfc062723c751e8b465ee728b)  -> (artifact id: '2a73f5217659e847393615db5bf602ca') in 0.400671 seconds 
  Import took 0.405072 seconds .

========================================================================
Received Import Request.
  Time since last request: 0.513999 seconds.
  path: Assets/Stylized Water For URP/Meshes/Circular Plane.fbx
  artifactKey: Guid(a4328de531d19f2429bc9f98f0e9f9c6) Importer(815301076,1909f56bfc062723c751e8b465ee728b)
Start importing Assets/Stylized Water For URP/Meshes/Circular Plane.fbx using Guid(a4328de531d19f2429bc9f98f0e9f9c6) Importer(815301076,1909f56bfc062723c751e8b465ee728b)  -> (artifact id: '542f44b7157d2bc0e99d159dde0aa094') in 0.268924 seconds 
  Import took 0.273254 seconds .

========================================================================
Received Import Request.
  Time since last request: 0.000336 seconds.
  path: Assets/Stylized Water For URP/Meshes/Square Plane.fbx
  artifactKey: Guid(fb606524fcd88254ba3dad41413af47c) Importer(815301076,1909f56bfc062723c751e8b465ee728b)
Start importing Assets/Stylized Water For URP/Meshes/Square Plane.fbx using Guid(fb606524fcd88254ba3dad41413af47c) Importer(815301076,1909f56bfc062723c751e8b465ee728b)  -> (artifact id: '4f31ec7f1405be573a9fb4ea7de1e0aa') in 0.031638 seconds 
  Import took 0.036367 seconds .

========================================================================
Received Import Request.
  Time since last request: 0.000344 seconds.
  path: Assets/Stylized Water For URP/Meshes/Hexagonal Plane.fbx
  artifactKey: Guid(3a3d08dbcecd2834e906f945a31ac7c7) Importer(815301076,1909f56bfc062723c751e8b465ee728b)
Start importing Assets/Stylized Water For URP/Meshes/Hexagonal Plane.fbx using Guid(3a3d08dbcecd2834e906f945a31ac7c7) Importer(815301076,1909f56bfc062723c751e8b465ee728b)  -> (artifact id: 'ca39d0f990c2a2b0231b48323f6f6ca3') in 0.037243 seconds 
  Import took 0.041959 seconds .

========================================================================
Received Import Request.
  Time since last request: 7.705180 seconds.
  path: Assets/Settings/ForwardRenderer.asset
  artifactKey: Guid(4a8e21d5c33334b11b34a596161b9360) Importer(815301076,1909f56bfc062723c751e8b465ee728b)
Start importing Assets/Settings/ForwardRenderer.asset using Guid(4a8e21d5c33334b11b34a596161b9360) Importer(815301076,1909f56bfc062723c751e8b465ee728b)  -> (artifact id: 'fd4bee02f0291389c3517910503f4b22') in 0.007215 seconds 
  Import took 0.011062 seconds .

========================================================================
Received Import Request.
  Time since last request: 0.000259 seconds.
  path: Assets/Settings/SampleSceneProfile.asset
  artifactKey: Guid(10fc4df2da32a41aaa32d77bc913491c) Importer(815301076,1909f56bfc062723c751e8b465ee728b)
Start importing Assets/Settings/SampleSceneProfile.asset using Guid(10fc4df2da32a41aaa32d77bc913491c) Importer(815301076,1909f56bfc062723c751e8b465ee728b)  -> (artifact id: 'd2b3f476ab718b1cf20d183dd9addfe7') in 0.009955 seconds 
  Import took 0.014462 seconds .

========================================================================
Received Import Request.
  Time since last request: 0.000277 seconds.
  path: Assets/Settings/UniversalRP-LowQuality.asset
  artifactKey: Guid(a31e9f9f9c9d4b9429ed0d1234e22103) Importer(815301076,1909f56bfc062723c751e8b465ee728b)
Start importing Assets/Settings/UniversalRP-LowQuality.asset using Guid(a31e9f9f9c9d4b9429ed0d1234e22103) Importer(815301076,1909f56bfc062723c751e8b465ee728b)  -> (artifact id: 'b226a0bb157262eadf686f6bb5b5f1f8') in 0.014591 seconds 
  Import took 0.020093 seconds .

========================================================================
Received Import Request.
  Time since last request: 0.000222 seconds.
  path: Assets/Settings/UniversalRP-MediumQuality.asset
  artifactKey: Guid(d847b876476d3d6468f5dfcd34266f96) Importer(815301076,1909f56bfc062723c751e8b465ee728b)
Start importing Assets/Settings/UniversalRP-MediumQuality.asset using Guid(d847b876476d3d6468f5dfcd34266f96) Importer(815301076,1909f56bfc062723c751e8b465ee728b)  -> (artifact id: 'd421f548a6507a11f25ec3578746e9c1') in 0.014076 seconds 
  Import took 0.018293 seconds .

========================================================================
Received Import Request.
  Time since last request: 0.000322 seconds.
  path: Assets/Settings/UniversalRP-HighQuality.asset
  artifactKey: Guid(19ba41d7c0026c3459d37c2fe90c55a0) Importer(815301076,1909f56bfc062723c751e8b465ee728b)
Start importing Assets/Settings/UniversalRP-HighQuality.asset using Guid(19ba41d7c0026c3459d37c2fe90c55a0) Importer(815301076,1909f56bfc062723c751e8b465ee728b)  -> (artifact id: '02e18c1f933b70f494440bf5e7626866') in 0.008064 seconds 
  Import took 0.013127 seconds .

========================================================================
Received Import Request.
  Time since last request: 5.082897 seconds.
  path: Assets/IL3DN/Audio
  artifactKey: Guid(c226c2cafd0cea24585c7309030f167c) Importer(815301076,1909f56bfc062723c751e8b465ee728b)
Start importing Assets/IL3DN/Audio using Guid(c226c2cafd0cea24585c7309030f167c) Importer(815301076,1909f56bfc062723c751e8b465ee728b)  -> (artifact id: '62fb2a7e8daabe4da752e2bdce8da395') in 0.007074 seconds 
  Import took 0.012083 seconds .

========================================================================
Received Import Request.
  Time since last request: 0.067059 seconds.
  path: Assets/IL3DN/Audio/IL3DN.mixer
  artifactKey: Guid(89ef2123a31ebe547959c299198012c1) Importer(815301076,1909f56bfc062723c751e8b465ee728b)
Start importing Assets/IL3DN/Audio/IL3DN.mixer using Guid(89ef2123a31ebe547959c299198012c1) Importer(815301076,1909f56bfc062723c751e8b465ee728b)  -> (artifact id: '32b5a3bb97007125144cd4cca7c30b9d') in 0.008132 seconds 
  Import took 0.012056 seconds .

========================================================================
Received Import Request.
  Time since last request: 0.000230 seconds.
  path: Assets/IL3DN/Audio/IL3DN_Water_02.wav
  artifactKey: Guid(bcb28c6da8dc6054d8fae261f09c6539) Importer(815301076,1909f56bfc062723c751e8b465ee728b)
Start importing Assets/IL3DN/Audio/IL3DN_Water_02.wav using Guid(bcb28c6da8dc6054d8fae261f09c6539) Importer(815301076,1909f56bfc062723c751e8b465ee728b)  -> (artifact id: 'ccfdc761cc9676a6e5fd554fc5363a5a') in 0.018733 seconds 
  Import took 0.022746 seconds .

========================================================================
Received Import Request.
  Time since last request: 0.000204 seconds.
  path: Assets/IL3DN/Audio/IL3DN_Char_Step_Grass_03.wav
  artifactKey: Guid(0b5df60ae886e094e98121686439b7da) Importer(815301076,1909f56bfc062723c751e8b465ee728b)
Start importing Assets/IL3DN/Audio/IL3DN_Char_Step_Grass_03.wav using Guid(0b5df60ae886e094e98121686439b7da) Importer(815301076,1909f56bfc062723c751e8b465ee728b)  -> (artifact id: '0776fd0e4a3fcf4b6fae336469092350') in 0.014726 seconds 
  Import took 0.019367 seconds .

========================================================================
Received Import Request.
  Time since last request: 0.000642 seconds.
  path: Assets/IL3DN/Audio/IL3DN_Char_Step_Wood_03.wav
  artifactKey: Guid(913dab96961bb724f9dd59f8e211d056) Importer(815301076,1909f56bfc062723c751e8b465ee728b)
Start importing Assets/IL3DN/Audio/IL3DN_Char_Step_Wood_03.wav using Guid(913dab96961bb724f9dd59f8e211d056) Importer(815301076,1909f56bfc062723c751e8b465ee728b)  -> (artifact id: '0b365ac499e983e073c0ec06becb0ed0') in 0.011638 seconds 
  Import took 0.016775 seconds .

========================================================================
Received Import Request.
  Time since last request: 0.000425 seconds.
  path: Assets/IL3DN/Audio/IL3DN_Bird_02.wav
  artifactKey: Guid(d41e565414380044c8075a0865a91e4a) Importer(815301076,1909f56bfc062723c751e8b465ee728b)
Start importing Assets/IL3DN/Audio/IL3DN_Bird_02.wav using Guid(d41e565414380044c8075a0865a91e4a) Importer(815301076,1909f56bfc062723c751e8b465ee728b)  -> (artifact id: '17d40306c946207bf157e6b35ba3129e') in 0.013142 seconds 
  Import took 0.018501 seconds .

========================================================================
Received Import Request.
  Time since last request: 0.000259 seconds.
  path: Assets/IL3DN/Audio/IL3DN_Water_03.wav
  artifactKey: Guid(c05c23fe46eee844c832c7e6aca2a84a) Importer(815301076,1909f56bfc062723c751e8b465ee728b)
Start importing Assets/IL3DN/Audio/IL3DN_Water_03.wav using Guid(c05c23fe46eee844c832c7e6aca2a84a) Importer(815301076,1909f56bfc062723c751e8b465ee728b)  -> (artifact id: '78788d913751e1d71c1a2c2bceb58c7e') in 0.017712 seconds 
  Import took 0.077637 seconds .

========================================================================
Received Import Request.
  Time since last request: 0.000248 seconds.
  path: Assets/IL3DN/Audio/IL3DN_PianoImprovisation.wav
  artifactKey: Guid(838cbd94f99ba3043960477e3ea23edc) Importer(815301076,1909f56bfc062723c751e8b465ee728b)
Start importing Assets/IL3DN/Audio/IL3DN_PianoImprovisation.wav using Guid(838cbd94f99ba3043960477e3ea23edc) Importer(815301076,1909f56bfc062723c751e8b465ee728b)  -> (artifact id: '750145fb128b27098bc55c3f41e4c249') in 0.013783 seconds 
  Import took 0.017864 seconds .

========================================================================
Received Import Request.
  Time since last request: 0.000277 seconds.
  path: Assets/IL3DN/Audio/IL3DN_Water_08.wav
  artifactKey: Guid(af00e8145e751af43b1b92962de6cb9e) Importer(815301076,1909f56bfc062723c751e8b465ee728b)
Start importing Assets/IL3DN/Audio/IL3DN_Water_08.wav using Guid(af00e8145e751af43b1b92962de6cb9e) Importer(815301076,1909f56bfc062723c751e8b465ee728b)  -> (artifact id: '374953d08150f18785e3913ff056493b') in 0.012088 seconds 
  Import took 0.016990 seconds .

========================================================================
Received Import Request.
  Time since last request: 0.000257 seconds.
  path: Assets/IL3DN/Audio/IL3DN_Char_Step_Dirt_02.wav
  artifactKey: Guid(8d3d0c77dce16bc41b0086c112651191) Importer(815301076,1909f56bfc062723c751e8b465ee728b)
Start importing Assets/IL3DN/Audio/IL3DN_Char_Step_Dirt_02.wav using Guid(8d3d0c77dce16bc41b0086c112651191) Importer(815301076,1909f56bfc062723c751e8b465ee728b)  -> (artifact id: '611958eba54ab3475dbbecaa03918e3e') in 0.013320 seconds 
  Import took 0.020019 seconds .

========================================================================
Received Import Request.
  Time since last request: 0.000300 seconds.
  path: Assets/IL3DN/Audio/IL3DN_Wind_Loop.wav
  artifactKey: Guid(a7be881bc0772fc43add174ae385ab14) Importer(815301076,1909f56bfc062723c751e8b465ee728b)
Start importing Assets/IL3DN/Audio/IL3DN_Wind_Loop.wav using Guid(a7be881bc0772fc43add174ae385ab14) Importer(815301076,1909f56bfc062723c751e8b465ee728b)  -> (artifact id: '3fbb1b66d88c64c7bd17109f6e078dc8') in 0.011664 seconds 
  Import took 0.016779 seconds .

========================================================================
Received Import Request.
  Time since last request: 0.000211 seconds.
  path: Assets/IL3DN/Audio/IL3DN_Char_Step_Wood_01.wav
  artifactKey: Guid(fb292fd7d47d74542aec4778f93afd9d) Importer(815301076,1909f56bfc062723c751e8b465ee728b)
Start importing Assets/IL3DN/Audio/IL3DN_Char_Step_Wood_01.wav using Guid(fb292fd7d47d74542aec4778f93afd9d) Importer(815301076,1909f56bfc062723c751e8b465ee728b)  -> (artifact id: '4e15dd9d174d523992066264ec032fa1') in 0.014050 seconds 
  Import took 0.018103 seconds .

========================================================================
Received Import Request.
  Time since last request: 0.000305 seconds.
  path: Assets/IL3DN/Audio/IL3DN_Bird_08.wav
  artifactKey: Guid(ae2444a60045ad743b76045d58d3bedb) Importer(815301076,1909f56bfc062723c751e8b465ee728b)
Start importing Assets/IL3DN/Audio/IL3DN_Bird_08.wav using Guid(ae2444a60045ad743b76045d58d3bedb) Importer(815301076,1909f56bfc062723c751e8b465ee728b)  -> (artifact id: '95aec2e739b6661ff3f6155eb5b3f0ec') in 0.012539 seconds 
  Import took 0.017034 seconds .

========================================================================
Received Import Request.
  Time since last request: 0.000306 seconds.
  path: Assets/IL3DN/Audio/IL3DN_Char_Land_Dirt.wav
  artifactKey: Guid(f7c55af852ea4ec42beb950a6d63dcd1) Importer(815301076,1909f56bfc062723c751e8b465ee728b)
Start importing Assets/IL3DN/Audio/IL3DN_Char_Land_Dirt.wav using Guid(f7c55af852ea4ec42beb950a6d63dcd1) Importer(815301076,1909f56bfc062723c751e8b465ee728b)  -> (artifact id: '69b2a50aec7d9a4df0b86c068d14ee29') in 0.013890 seconds 
  Import took 0.018092 seconds .

========================================================================
Received Import Request.
  Time since last request: 0.000235 seconds.
  path: Assets/IL3DN/Audio/IL3DN_Char_Jumnp_Dirt.wav
  artifactKey: Guid(183bfe3a3604edd4789cf735888a70bc) Importer(815301076,1909f56bfc062723c751e8b465ee728b)
Start importing Assets/IL3DN/Audio/IL3DN_Char_Jumnp_Dirt.wav using Guid(183bfe3a3604edd4789cf735888a70bc) Importer(815301076,1909f56bfc062723c751e8b465ee728b)  -> (artifact id: 'f31192084974bd48162a29f99033a534') in 0.015022 seconds 
  Import took 0.019291 seconds .

========================================================================
Received Import Request.
  Time since last request: 0.000241 seconds.
  path: Assets/IL3DN/Audio/IL3DN_Bird_04.wav
  artifactKey: Guid(b98228b87dd8c784594bfdd3d3b62f89) Importer(815301076,1909f56bfc062723c751e8b465ee728b)
Start importing Assets/IL3DN/Audio/IL3DN_Bird_04.wav using Guid(b98228b87dd8c784594bfdd3d3b62f89) Importer(815301076,1909f56bfc062723c751e8b465ee728b)  -> (artifact id: 'e845ddba4a0e1d08794f263435a03e65') in 0.014200 seconds 
  Import took 0.018482 seconds .

========================================================================
Received Import Request.
  Time since last request: 0.000200 seconds.
  path: Assets/IL3DN/Audio/IL3DN_Water_05.wav
  artifactKey: Guid(887d632bea0ec5a4294e99d6342e8568) Importer(815301076,1909f56bfc062723c751e8b465ee728b)
Start importing Assets/IL3DN/Audio/IL3DN_Water_05.wav using Guid(887d632bea0ec5a4294e99d6342e8568) Importer(815301076,1909f56bfc062723c751e8b465ee728b)  -> (artifact id: '2d671a980c4a6f5708235fbaec1c7093') in 0.012565 seconds 
  Import took 0.016641 seconds .

========================================================================
Received Import Request.
  Time since last request: 0.000287 seconds.
  path: Assets/IL3DN/Audio/IL3DN_Char_Step_Water_02.wav
  artifactKey: Guid(6b82ca531e941df4083ca4a0238ace12) Importer(815301076,1909f56bfc062723c751e8b465ee728b)
Start importing Assets/IL3DN/Audio/IL3DN_Char_Step_Water_02.wav using Guid(6b82ca531e941df4083ca4a0238ace12) Importer(815301076,1909f56bfc062723c751e8b465ee728b)  -> (artifact id: '6302b5e68ddd0c67bb19a0e8b61e8a7a') in 0.013909 seconds 
  Import took 0.018159 seconds .

========================================================================
Received Import Request.
  Time since last request: 0.000209 seconds.
  path: Assets/IL3DN/Audio/IL3DN_Bird_07.wav
  artifactKey: Guid(20cf1d03ffc2c4a4bbffba20fcf3f75c) Importer(815301076,1909f56bfc062723c751e8b465ee728b)
Start importing Assets/IL3DN/Audio/IL3DN_Bird_07.wav using Guid(20cf1d03ffc2c4a4bbffba20fcf3f75c) Importer(815301076,1909f56bfc062723c751e8b465ee728b)  -> (artifact id: 'f8fd1342cd488052fa7adb476dbfd8fa') in 0.012415 seconds 
  Import took 0.017909 seconds .

========================================================================
Received Import Request.
  Time since last request: 0.000230 seconds.
  path: Assets/IL3DN/Audio/IL3DN_Char_Step_Dirt_03.wav
  artifactKey: Guid(179c3436465598b498dea48c92d80712) Importer(815301076,1909f56bfc062723c751e8b465ee728b)
Start importing Assets/IL3DN/Audio/IL3DN_Char_Step_Dirt_03.wav using Guid(179c3436465598b498dea48c92d80712) Importer(815301076,1909f56bfc062723c751e8b465ee728b)  -> (artifact id: '7adbd4c82e6191da1aec544d09045ffa') in 0.012162 seconds 
  Import took 0.017775 seconds .

========================================================================
Received Import Request.
  Time since last request: 0.000399 seconds.
  path: Assets/IL3DN/Audio/IL3DN_Bird_03.wav
  artifactKey: Guid(322f31beb1c9d6b4793c69269a9422c5) Importer(815301076,1909f56bfc062723c751e8b465ee728b)
Start importing Assets/IL3DN/Audio/IL3DN_Bird_03.wav using Guid(322f31beb1c9d6b4793c69269a9422c5) Importer(815301076,1909f56bfc062723c751e8b465ee728b)  -> (artifact id: 'f01584da3e21b4763e8c5525e62348cb') in 0.015609 seconds 
  Import took 0.020129 seconds .

========================================================================
Received Import Request.
  Time since last request: 0.000294 seconds.
  path: Assets/IL3DN/Audio/IL3DN_Char_Step_Water_01.wav
  artifactKey: Guid(120fc5b08485dcd4089eace4debbc232) Importer(815301076,1909f56bfc062723c751e8b465ee728b)
Start importing Assets/IL3DN/Audio/IL3DN_Char_Step_Water_01.wav using Guid(120fc5b08485dcd4089eace4debbc232) Importer(815301076,1909f56bfc062723c751e8b465ee728b)  -> (artifact id: 'c953abe67e1eeb1eaffd6df2878087f4') in 0.014576 seconds 
  Import took 0.018961 seconds .

========================================================================
Received Import Request.
  Time since last request: 0.000228 seconds.
  path: Assets/IL3DN/Audio/IL3DN_Birds_Loop.wav
  artifactKey: Guid(16a07621d1bc9a846bb265d15fb71f4c) Importer(815301076,1909f56bfc062723c751e8b465ee728b)
Start importing Assets/IL3DN/Audio/IL3DN_Birds_Loop.wav using Guid(16a07621d1bc9a846bb265d15fb71f4c) Importer(815301076,1909f56bfc062723c751e8b465ee728b)  -> (artifact id: '73a058afeb702f5693654bc388ec60f3') in 0.015861 seconds 
  Import took 0.020104 seconds .

========================================================================
Received Import Request.
  Time since last request: 0.000290 seconds.
  path: Assets/IL3DN/Audio/IL3DN_Water_04.wav
  artifactKey: Guid(50cff1c1d32629f4392f3364a9c0b66e) Importer(815301076,1909f56bfc062723c751e8b465ee728b)
Start importing Assets/IL3DN/Audio/IL3DN_Water_04.wav using Guid(50cff1c1d32629f4392f3364a9c0b66e) Importer(815301076,1909f56bfc062723c751e8b465ee728b)  -> (artifact id: '943ccceda3636e08a136a8fc911595fe') in 0.014396 seconds 
  Import took 0.018490 seconds .

========================================================================
Received Import Request.
  Time since last request: 0.000269 seconds.
  path: Assets/IL3DN/Audio/IL3DN_Char_Jump_Wood.wav
  artifactKey: Guid(38a0d46e88345224cb33bfea9d5ca931) Importer(815301076,1909f56bfc062723c751e8b465ee728b)
Start importing Assets/IL3DN/Audio/IL3DN_Char_Jump_Wood.wav using Guid(38a0d46e88345224cb33bfea9d5ca931) Importer(815301076,1909f56bfc062723c751e8b465ee728b)  -> (artifact id: 'ab4110268a0c9f1380af84a37ed6de39') in 0.015639 seconds 
  Import took 0.020337 seconds .

========================================================================
Received Import Request.
  Time since last request: 0.000304 seconds.
  path: Assets/IL3DN/Audio/IL3DN_Char_Land_Water.wav
  artifactKey: Guid(b2568d6e097e864498d44005251a5f79) Importer(815301076,1909f56bfc062723c751e8b465ee728b)
Start importing Assets/IL3DN/Audio/IL3DN_Char_Land_Water.wav using Guid(b2568d6e097e864498d44005251a5f79) Importer(815301076,1909f56bfc062723c751e8b465ee728b)  -> (artifact id: '3fbf404b621d801d1411685bb176d7fe') in 0.014197 seconds 
  Import took 0.019433 seconds .

========================================================================
Received Import Request.
  Time since last request: 0.000362 seconds.
  path: Assets/IL3DN/Audio/IL3DN_Char_Step_Grass_01.wav
  artifactKey: Guid(d075dc87c5731f84b9901c46989a8832) Importer(815301076,1909f56bfc062723c751e8b465ee728b)
Start importing Assets/IL3DN/Audio/IL3DN_Char_Step_Grass_01.wav using Guid(d075dc87c5731f84b9901c46989a8832) Importer(815301076,1909f56bfc062723c751e8b465ee728b)  -> (artifact id: 'da2cf79dc9f40d44709c79552b26a9bc') in 0.012340 seconds 
  Import took 0.016388 seconds .

========================================================================
Received Import Request.
  Time since last request: 0.000242 seconds.
  path: Assets/IL3DN/Audio/IL3DN_Bird_05.wav
  artifactKey: Guid(129b445e66bf3c842b1dc45c21dc11e4) Importer(815301076,1909f56bfc062723c751e8b465ee728b)
Start importing Assets/IL3DN/Audio/IL3DN_Bird_05.wav using Guid(129b445e66bf3c842b1dc45c21dc11e4) Importer(815301076,1909f56bfc062723c751e8b465ee728b)  -> (artifact id: 'f51699282fa9140100d34dedcf16eac2') in 0.011126 seconds 
  Import took 0.015696 seconds .

========================================================================
Received Import Request.
  Time since last request: 0.000172 seconds.
  path: Assets/IL3DN/Audio/IL3DN_Water_07.wav
  artifactKey: Guid(a75d49ff4b9bea4459093fe4735b5790) Importer(815301076,1909f56bfc062723c751e8b465ee728b)
Start importing Assets/IL3DN/Audio/IL3DN_Water_07.wav using Guid(a75d49ff4b9bea4459093fe4735b5790) Importer(815301076,1909f56bfc062723c751e8b465ee728b)  -> (artifact id: '3ae11a78ea25697013b7010bc8e0b92f') in 0.010518 seconds 
  Import took 0.015233 seconds .

========================================================================
Received Import Request.
  Time since last request: 0.000281 seconds.
  path: Assets/IL3DN/Audio/IL3DN_Char_Step_Wood_02.wav
  artifactKey: Guid(40cd30757a32c7f469d8f5c433e804e5) Importer(815301076,1909f56bfc062723c751e8b465ee728b)
Start importing Assets/IL3DN/Audio/IL3DN_Char_Step_Wood_02.wav using Guid(40cd30757a32c7f469d8f5c433e804e5) Importer(815301076,1909f56bfc062723c751e8b465ee728b)  -> (artifact id: '2167ca336361dd333f783e7de37b4f11') in 0.010389 seconds 
  Import took 0.014860 seconds .

========================================================================
Received Import Request.
  Time since last request: 0.000537 seconds.
  path: Assets/IL3DN/Audio/IL3DN_FreezeOperator.wav
  artifactKey: Guid(bd1ba39893f73e8429355384f8c3b902) Importer(815301076,1909f56bfc062723c751e8b465ee728b)
Start importing Assets/IL3DN/Audio/IL3DN_FreezeOperator.wav using Guid(bd1ba39893f73e8429355384f8c3b902) Importer(815301076,1909f56bfc062723c751e8b465ee728b)  -> (artifact id: 'ba428c87880e15ac13591bfa52b3ab16') in 0.011126 seconds 
  Import took 0.015849 seconds .

========================================================================
Received Import Request.
  Time since last request: 0.000242 seconds.
  path: Assets/IL3DN/Audio/IL3DN_Char_Step_Water_03.wav
  artifactKey: Guid(95f9c9751dd337340b7b6b7eef8f8a5d) Importer(815301076,1909f56bfc062723c751e8b465ee728b)
Start importing Assets/IL3DN/Audio/IL3DN_Char_Step_Water_03.wav using Guid(95f9c9751dd337340b7b6b7eef8f8a5d) Importer(815301076,1909f56bfc062723c751e8b465ee728b)  -> (artifact id: '0a519daa5b153743b402668e7b0461a3') in 0.010913 seconds 
  Import took 0.015747 seconds .

========================================================================
Received Import Request.
  Time since last request: 0.000216 seconds.
  path: Assets/IL3DN/Audio/IL3DN_Char_Step_Grass_02.wav
  artifactKey: Guid(07d6c79ac5a1e3a4094f31a17377867e) Importer(815301076,1909f56bfc062723c751e8b465ee728b)
Start importing Assets/IL3DN/Audio/IL3DN_Char_Step_Grass_02.wav using Guid(07d6c79ac5a1e3a4094f31a17377867e) Importer(815301076,1909f56bfc062723c751e8b465ee728b)  -> (artifact id: '032c5b74e76bc98dae37f7636052ca12') in 0.010838 seconds 
  Import took 0.016087 seconds .

========================================================================
Received Import Request.
  Time since last request: 0.000307 seconds.
  path: Assets/IL3DN/Audio/IL3DN_Char_Jump_Water.wav
  artifactKey: Guid(aab7fc47d7ce7044f9b7d9deed48170e) Importer(815301076,1909f56bfc062723c751e8b465ee728b)
Start importing Assets/IL3DN/Audio/IL3DN_Char_Jump_Water.wav using Guid(aab7fc47d7ce7044f9b7d9deed48170e) Importer(815301076,1909f56bfc062723c751e8b465ee728b)  -> (artifact id: 'b60a7d4d7e0b4a1e4e6312cfc0c2b793') in 0.010903 seconds 
  Import took 0.015643 seconds .

========================================================================
Received Import Request.
  Time since last request: 0.000333 seconds.
  path: Assets/IL3DN/Audio/IL3DN_Char_Step_Dirt_01.wav
  artifactKey: Guid(bfdae5c4ec215164e9e3bc1a41c43c91) Importer(815301076,1909f56bfc062723c751e8b465ee728b)
Start importing Assets/IL3DN/Audio/IL3DN_Char_Step_Dirt_01.wav using Guid(bfdae5c4ec215164e9e3bc1a41c43c91) Importer(815301076,1909f56bfc062723c751e8b465ee728b)  -> (artifact id: '10a5f5135b424a4289c0a3c94fbf67b8') in 0.010412 seconds 
  Import took 0.015925 seconds .

========================================================================
Received Import Request.
  Time since last request: 0.000208 seconds.
  path: Assets/IL3DN/Audio/IL3DN_Char_Land_Wood.wav
  artifactKey: Guid(d19361dabab31e94893913e00357be95) Importer(815301076,1909f56bfc062723c751e8b465ee728b)
Start importing Assets/IL3DN/Audio/IL3DN_Char_Land_Wood.wav using Guid(d19361dabab31e94893913e00357be95) Importer(815301076,1909f56bfc062723c751e8b465ee728b)  -> (artifact id: 'a172548b0bf2b4ac32c394bf40c64389') in 0.010507 seconds 
  Import took 0.015240 seconds .

========================================================================
Received Import Request.
  Time since last request: 0.000177 seconds.
  path: Assets/IL3DN/Audio/IL3DN_Char_Step_Dirt_04.wav
  artifactKey: Guid(db0dce178e8b8744c83950758acad34e) Importer(815301076,1909f56bfc062723c751e8b465ee728b)
Start importing Assets/IL3DN/Audio/IL3DN_Char_Step_Dirt_04.wav using Guid(db0dce178e8b8744c83950758acad34e) Importer(815301076,1909f56bfc062723c751e8b465ee728b)  -> (artifact id: '8c34596fe0cb66c19a6f64354e225515') in 0.011235 seconds 
  Import took 0.016037 seconds .

========================================================================
Received Import Request.
  Time since last request: 0.000329 seconds.
  path: Assets/IL3DN/Audio/IL3DN_Char_Step_Wood_04.wav
  artifactKey: Guid(54a13d43146100d4da7cb08570476597) Importer(815301076,1909f56bfc062723c751e8b465ee728b)
Start importing Assets/IL3DN/Audio/IL3DN_Char_Step_Wood_04.wav using Guid(54a13d43146100d4da7cb08570476597) Importer(815301076,1909f56bfc062723c751e8b465ee728b)  -> (artifact id: 'f8cf0ca2120d8f825b028271183b7df8') in 0.011675 seconds 
  Import took 0.016554 seconds .

========================================================================
Received Import Request.
  Time since last request: 0.000271 seconds.
  path: Assets/IL3DN/Audio/IL3DN_Water_06.wav
  artifactKey: Guid(62142b1656d402643af1363f7b381b31) Importer(815301076,1909f56bfc062723c751e8b465ee728b)
Start importing Assets/IL3DN/Audio/IL3DN_Water_06.wav using Guid(62142b1656d402643af1363f7b381b31) Importer(815301076,1909f56bfc062723c751e8b465ee728b)  -> (artifact id: '6d97f6ebb0a87c15b36fd5880db7577d') in 0.011321 seconds 
  Import took 0.016008 seconds .

========================================================================
Received Import Request.
  Time since last request: 0.000231 seconds.
  path: Assets/IL3DN/Audio/IL3DN_Char_Step_Water_04.wav
  artifactKey: Guid(4c44b2da04a758947ba314398b080315) Importer(815301076,1909f56bfc062723c751e8b465ee728b)
Start importing Assets/IL3DN/Audio/IL3DN_Char_Step_Water_04.wav using Guid(4c44b2da04a758947ba314398b080315) Importer(815301076,1909f56bfc062723c751e8b465ee728b)  -> (artifact id: '761fedb414283051d7499fe48a0969c8') in 0.011079 seconds 
  Import took 0.015587 seconds .

========================================================================
Received Import Request.
  Time since last request: 0.000206 seconds.
  path: Assets/IL3DN/Audio/IL3DN_Bird_01.wav
  artifactKey: Guid(a34665858920ce74fa901557acec6279) Importer(815301076,1909f56bfc062723c751e8b465ee728b)
Start importing Assets/IL3DN/Audio/IL3DN_Bird_01.wav using Guid(a34665858920ce74fa901557acec6279) Importer(815301076,1909f56bfc062723c751e8b465ee728b)  -> (artifact id: '7c5461a3054f1fb0068e5eb6ef9e22ad') in 0.011840 seconds 
  Import took 0.016519 seconds .

========================================================================
Received Import Request.
  Time since last request: 0.000211 seconds.
  path: Assets/IL3DN/Audio/IL3DN_Bird_06.wav
  artifactKey: Guid(c0db749673aaa0346abace323aa89da5) Importer(815301076,1909f56bfc062723c751e8b465ee728b)
Start importing Assets/IL3DN/Audio/IL3DN_Bird_06.wav using Guid(c0db749673aaa0346abace323aa89da5) Importer(815301076,1909f56bfc062723c751e8b465ee728b)  -> (artifact id: '36331bc3c92c7d01745b1223760844b5') in 0.011700 seconds 
  Import took 0.015886 seconds .

========================================================================
Received Import Request.
  Time since last request: 0.000279 seconds.
  path: Assets/IL3DN/Audio/IL3DN_Water_01.wav
  artifactKey: Guid(adb7cef82b7ed1448924f46f1d84748a) Importer(815301076,1909f56bfc062723c751e8b465ee728b)
Start importing Assets/IL3DN/Audio/IL3DN_Water_01.wav using Guid(adb7cef82b7ed1448924f46f1d84748a) Importer(815301076,1909f56bfc062723c751e8b465ee728b)  -> (artifact id: 'a448662e16123048c772cc310f085615') in 0.010945 seconds 
  Import took 0.015037 seconds .

========================================================================
Received Import Request.
  Time since last request: 0.000301 seconds.
  path: Assets/IL3DN/Audio/IL3DN_Char_Step_Grass_04.wav
  artifactKey: Guid(739a2cf7ef547fc409eb9346acf3fe14) Importer(815301076,1909f56bfc062723c751e8b465ee728b)
Start importing Assets/IL3DN/Audio/IL3DN_Char_Step_Grass_04.wav using Guid(739a2cf7ef547fc409eb9346acf3fe14) Importer(815301076,1909f56bfc062723c751e8b465ee728b)  -> (artifact id: '0c99a98c276af8d024afa621759cc9a1') in 0.012745 seconds 
  Import took 0.016827 seconds .

========================================================================
Received Prepare
Registering precompiled user dll's ...
Registered in 0.002017 seconds.
Begin MonoManager ReloadAssembly
Native extension for WindowsStandalone target not found
Refreshing native plugins compatible for Editor in 0.67 ms, found 2 plugins.
Preloading 0 native plugins for Editor in 0.00 ms.
Mono: successfully reloaded assembly
- Completed reload, in  1.194 seconds
Domain Reload Profiling:
	ReloadAssembly (1194ms)
		BeginReloadAssembly (121ms)
			ExecutionOrderSort (0ms)
			DisableScriptedObjects (7ms)
			BackupInstance (0ms)
			ReleaseScriptingObjects (0ms)
			CreateAndSetChildDomain (34ms)
		EndReloadAssembly (1020ms)
			LoadAssemblies (71ms)
			RebuildTransferFunctionScriptingTraits (0ms)
			SetupTypeCache (321ms)
			ReleaseScriptCaches (1ms)
			RebuildScriptCaches (51ms)
			SetupLoadedEditorAssemblies (397ms)
				LogAssemblyErrors (0ms)
				InitializePlatformSupportModulesInManaged (8ms)
				SetLoadedEditorAssemblies (1ms)
				RefreshPlugins (1ms)
				BeforeProcessingInitializeOnLoad (158ms)
				ProcessInitializeOnLoadAttributes (214ms)
				ProcessInitializeOnLoadMethodAttributes (11ms)
				AfterProcessingInitializeOnLoad (5ms)
				EditorAssembliesLoaded (0ms)
			ExecutionOrderSort2 (0ms)
			AwakeInstancesAfterBackupRestoration (19ms)
Platform modules already initialized, skipping
Shader 'IL3DN/Terrain First-Pass': dependency 'BaseMapShader' shader 'ASESampleShaders/SimpleTerrainBase' not found
Refreshing native plugins compatible for Editor in 0.55 ms, found 2 plugins.
Preloading 0 native plugins for Editor in 0.00 ms.
Unloading 2726 Unused Serialized files (Serialized files now loaded: 0)
System memory in use before: 147.7 MB.
System memory in use after: 148.0 MB.

Unloading 15 unused Assets to reduce memory usage. Loaded Objects now: 3384.
Total: 3.501000 ms (FindLiveObjects: 0.291100 ms CreateObjectMapping: 0.226600 ms MarkObjects: 2.958900 ms  DeleteObjects: 0.023100 ms)

AssetImportParameters requested are different than current active one (requested -> active):
  custom:framework-win-MediaFoundation: 216162199b28c13a410421893ffa2e32 -> 
  custom:video-decoder-ogg-theora: a1e56fd34408186e4bbccfd4996cb3dc -> 
  custom:container-muxer-webm: aa71ff27fc2769a1b78a27578f13a17b -> 
  custom:container-demuxer-webm: 4f35f7cbe854078d1ac9338744f61a02 -> 
  custom:container-demuxer-ogg: 62fdf1f143b41e24485cea50d1cbac27 -> 
  custom:video-encoder-webm-vp8: eb34c28f22e8b96e1ab97ce403110664 -> 
  custom:video-decoder-webm-vp8: 9c59270c3fd7afecdb556c50c9e8de78 -> 
  custom:audio-decoder-ogg-vorbis: bf7c407c2cedff20999df2af8eb42d56 -> 
  custom:audio-encoder-webm-vorbis: bf7c407c2cedff20999df2af8eb42d56 -> 
========================================================================
Received Import Request.
  Time since last request: 41.273706 seconds.
  path: Assets/IL3DN/Scenes/TheIllustratedNature_Assets.unity
  artifactKey: Guid(da87dc1b83b059440b836a5b4fa7b6a9) Importer(815301076,1909f56bfc062723c751e8b465ee728b)
Start importing Assets/IL3DN/Scenes/TheIllustratedNature_Assets.unity using Guid(da87dc1b83b059440b836a5b4fa7b6a9) Importer(815301076,1909f56bfc062723c751e8b465ee728b)  -> (artifact id: '439e2ddf20ac1a82bdf204258bce9b90') in 0.026920 seconds 
  Import took 0.031275 seconds .

========================================================================
Received Import Request.
  Time since last request: 0.704029 seconds.
  path: Assets/IL3DN/Scenes/TheIllustratedNature_Demo.unity
  artifactKey: Guid(ecd1a1ce5c175544282e89b4be36f531) Importer(815301076,1909f56bfc062723c751e8b465ee728b)
Start importing Assets/IL3DN/Scenes/TheIllustratedNature_Demo.unity using Guid(ecd1a1ce5c175544282e89b4be36f531) Importer(815301076,1909f56bfc062723c751e8b465ee728b)  -> (artifact id: '30ef8a6b44496afa47a0ad850771ff63') in 0.007099 seconds 
  Import took 0.011874 seconds .

========================================================================
Received Import Request.
  Time since last request: 0.496374 seconds.
  path: Assets/IL3DN/Scenes/TheIllustratedNature_PineForest.unity
  artifactKey: Guid(c27a73b1c70a99f479baa3809e38a864) Importer(815301076,1909f56bfc062723c751e8b465ee728b)
Start importing Assets/IL3DN/Scenes/TheIllustratedNature_PineForest.unity using Guid(c27a73b1c70a99f479baa3809e38a864) Importer(815301076,1909f56bfc062723c751e8b465ee728b)  -> (artifact id: '2de2040052dd238afdd0547e310b912c') in 0.008649 seconds 
  Import took 0.014246 seconds .

========================================================================
Received Import Request.
  Time since last request: 0.800154 seconds.
  path: Assets/IL3DN/Scenes/TheIllustratedNature_PineForest_Winter.unity
  artifactKey: Guid(4e2db1ed4191add49b9b1bc65655d6ce) Importer(815301076,1909f56bfc062723c751e8b465ee728b)
Start importing Assets/IL3DN/Scenes/TheIllustratedNature_PineForest_Winter.unity using Guid(4e2db1ed4191add49b9b1bc65655d6ce) Importer(815301076,1909f56bfc062723c751e8b465ee728b)  -> (artifact id: '4eb368bcf61d30b707df86ed12cd8365') in 0.007762 seconds 
  Import took 0.011981 seconds .

========================================================================
Received Prepare
Registering precompiled user dll's ...
Registered in 0.002608 seconds.
Begin MonoManager ReloadAssembly
Native extension for WindowsStandalone target not found
Refreshing native plugins compatible for Editor in 0.59 ms, found 2 plugins.
Preloading 0 native plugins for Editor in 0.00 ms.
Mono: successfully reloaded assembly
- Completed reload, in  1.132 seconds
Domain Reload Profiling:
	ReloadAssembly (1132ms)
		BeginReloadAssembly (105ms)
			ExecutionOrderSort (0ms)
			DisableScriptedObjects (5ms)
			BackupInstance (0ms)
			ReleaseScriptingObjects (0ms)
			CreateAndSetChildDomain (33ms)
		EndReloadAssembly (972ms)
			LoadAssemblies (79ms)
			RebuildTransferFunctionScriptingTraits (0ms)
			SetupTypeCache (325ms)
			ReleaseScriptCaches (1ms)
			RebuildScriptCaches (53ms)
			SetupLoadedEditorAssemblies (342ms)
				LogAssemblyErrors (0ms)
				InitializePlatformSupportModulesInManaged (5ms)
				SetLoadedEditorAssemblies (1ms)
				RefreshPlugins (1ms)
				BeforeProcessingInitializeOnLoad (107ms)
				ProcessInitializeOnLoadAttributes (213ms)
				ProcessInitializeOnLoadMethodAttributes (11ms)
				AfterProcessingInitializeOnLoad (5ms)
				EditorAssembliesLoaded (0ms)
			ExecutionOrderSort2 (0ms)
			AwakeInstancesAfterBackupRestoration (19ms)
Platform modules already initialized, skipping
Shader 'IL3DN/Terrain First-Pass': dependency 'BaseMapShader' shader 'ASESampleShaders/SimpleTerrainBase' not found
Refreshing native plugins compatible for Editor in 0.55 ms, found 2 plugins.
Preloading 0 native plugins for Editor in 0.00 ms.
Unloading 2723 Unused Serialized files (Serialized files now loaded: 0)
System memory in use before: 147.5 MB.
System memory in use after: 147.7 MB.

Unloading 15 unused Assets to reduce memory usage. Loaded Objects now: 3386.
Total: 3.162700 ms (FindLiveObjects: 0.316300 ms CreateObjectMapping: 0.159500 ms MarkObjects: 2.667900 ms  DeleteObjects: 0.017400 ms)

AssetImportParameters requested are different than current active one (requested -> active):
  custom:framework-win-MediaFoundation: 216162199b28c13a410421893ffa2e32 -> 
  custom:video-decoder-ogg-theora: a1e56fd34408186e4bbccfd4996cb3dc -> 
  custom:container-muxer-webm: aa71ff27fc2769a1b78a27578f13a17b -> 
  custom:container-demuxer-webm: 4f35f7cbe854078d1ac9338744f61a02 -> 
  custom:container-demuxer-ogg: 62fdf1f143b41e24485cea50d1cbac27 -> 
  custom:video-encoder-webm-vp8: eb34c28f22e8b96e1ab97ce403110664 -> 
  custom:video-decoder-webm-vp8: 9c59270c3fd7afecdb556c50c9e8de78 -> 
  custom:audio-decoder-ogg-vorbis: bf7c407c2cedff20999df2af8eb42d56 -> 
  custom:audio-encoder-webm-vorbis: bf7c407c2cedff20999df2af8eb42d56 -> 
AssetImportWorkerClient::OnTransportError - code=2 error=End of file
